2023-06-10 17:40:31,034 [Worker-2: Loading available Gradle versions] INFO  o.e.b.c.i.u.g.PublishedGradleVersions - Gradle version information cache is up-to-date. Trying to read.
2023-06-10 17:45:08,988 [Worker-17: Launching mavenrun-ec93c937-1132-41b4-9726-97e8d7dfb187] INFO  o.eclipse.m2e.core.internal.Bundles - getClasspathEntries(Bundle=org.eclipse.m2e.maven.runtime_3.8.701.20230209-1606 [604])
2023-06-10 17:45:08,998 [Worker-17: Launching mavenrun-ec93c937-1132-41b4-9726-97e8d7dfb187] INFO  o.eclipse.m2e.core.internal.Bundles - 	Entry: /Applications/Eclipse.app/Contents/Eclipse/plugins/org.eclipse.m2e.maven.runtime_3.8.701.20230209-1606
2023-06-10 17:45:08,998 [Worker-17: Launching mavenrun-ec93c937-1132-41b4-9726-97e8d7dfb187] INFO  o.eclipse.m2e.core.internal.Bundles - 	Entry: /Applications/Eclipse.app/Contents/Eclipse/plugins/org.eclipse.m2e.maven.runtime_3.8.701.20230209-1606/jars/aether-connector-okhttp-0.17.8.jar
2023-06-10 17:45:08,998 [Worker-17: Launching mavenrun-ec93c937-1132-41b4-9726-97e8d7dfb187] INFO  o.eclipse.m2e.core.internal.Bundles - 	Entry: /Applications/Eclipse.app/Contents/Eclipse/plugins/org.eclipse.m2e.maven.runtime_3.8.701.20230209-1606/jars/commons-lang3-3.8.1.jar
2023-06-10 17:45:08,998 [Worker-17: Launching mavenrun-ec93c937-1132-41b4-9726-97e8d7dfb187] INFO  o.eclipse.m2e.core.internal.Bundles - 	Entry: /Applications/Eclipse.app/Contents/Eclipse/plugins/org.eclipse.m2e.maven.runtime_3.8.701.20230209-1606/jars/guice-4.2.2-no_aop.jar
2023-06-10 17:45:08,998 [Worker-17: Launching mavenrun-ec93c937-1132-41b4-9726-97e8d7dfb187] INFO  o.eclipse.m2e.core.internal.Bundles - 	Entry: /Applications/Eclipse.app/Contents/Eclipse/plugins/org.eclipse.m2e.maven.runtime_3.8.701.20230209-1606/jars/jansi-2.4.0.jar
2023-06-10 17:45:08,998 [Worker-17: Launching mavenrun-ec93c937-1132-41b4-9726-97e8d7dfb187] INFO  o.eclipse.m2e.core.internal.Bundles - 	Entry: /Applications/Eclipse.app/Contents/Eclipse/plugins/org.eclipse.m2e.maven.runtime_3.8.701.20230209-1606/jars/maven-artifact-3.8.7.jar
2023-06-10 17:45:08,998 [Worker-17: Launching mavenrun-ec93c937-1132-41b4-9726-97e8d7dfb187] INFO  o.eclipse.m2e.core.internal.Bundles - 	Entry: /Applications/Eclipse.app/Contents/Eclipse/plugins/org.eclipse.m2e.maven.runtime_3.8.701.20230209-1606/jars/maven-builder-support-3.8.7.jar
2023-06-10 17:45:08,999 [Worker-17: Launching mavenrun-ec93c937-1132-41b4-9726-97e8d7dfb187] INFO  o.eclipse.m2e.core.internal.Bundles - 	Entry: /Applications/Eclipse.app/Contents/Eclipse/plugins/org.eclipse.m2e.maven.runtime_3.8.701.20230209-1606/jars/maven-compat-3.8.7.jar
2023-06-10 17:45:08,999 [Worker-17: Launching mavenrun-ec93c937-1132-41b4-9726-97e8d7dfb187] INFO  o.eclipse.m2e.core.internal.Bundles - 	Entry: /Applications/Eclipse.app/Contents/Eclipse/plugins/org.eclipse.m2e.maven.runtime_3.8.701.20230209-1606/jars/maven-core-3.8.7.jar
2023-06-10 17:45:08,999 [Worker-17: Launching mavenrun-ec93c937-1132-41b4-9726-97e8d7dfb187] INFO  o.eclipse.m2e.core.internal.Bundles - 	Entry: /Applications/Eclipse.app/Contents/Eclipse/plugins/org.eclipse.m2e.maven.runtime_3.8.701.20230209-1606/jars/maven-embedder-3.8.7.jar
2023-06-10 17:45:08,999 [Worker-17: Launching mavenrun-ec93c937-1132-41b4-9726-97e8d7dfb187] INFO  o.eclipse.m2e.core.internal.Bundles - 	Entry: /Applications/Eclipse.app/Contents/Eclipse/plugins/org.eclipse.m2e.maven.runtime_3.8.701.20230209-1606/jars/maven-model-3.8.7.jar
2023-06-10 17:45:08,999 [Worker-17: Launching mavenrun-ec93c937-1132-41b4-9726-97e8d7dfb187] INFO  o.eclipse.m2e.core.internal.Bundles - 	Entry: /Applications/Eclipse.app/Contents/Eclipse/plugins/org.eclipse.m2e.maven.runtime_3.8.701.20230209-1606/jars/maven-model-builder-3.8.7.jar
2023-06-10 17:45:08,999 [Worker-17: Launching mavenrun-ec93c937-1132-41b4-9726-97e8d7dfb187] INFO  o.eclipse.m2e.core.internal.Bundles - 	Entry: /Applications/Eclipse.app/Contents/Eclipse/plugins/org.eclipse.m2e.maven.runtime_3.8.701.20230209-1606/jars/maven-plugin-api-3.8.7.jar
2023-06-10 17:45:09,002 [Worker-17: Launching mavenrun-ec93c937-1132-41b4-9726-97e8d7dfb187] INFO  o.eclipse.m2e.core.internal.Bundles - 	Entry: /Applications/Eclipse.app/Contents/Eclipse/plugins/org.eclipse.m2e.maven.runtime_3.8.701.20230209-1606/jars/maven-repository-metadata-3.8.7.jar
2023-06-10 17:45:09,002 [Worker-17: Launching mavenrun-ec93c937-1132-41b4-9726-97e8d7dfb187] INFO  o.eclipse.m2e.core.internal.Bundles - 	Entry: /Applications/Eclipse.app/Contents/Eclipse/plugins/org.eclipse.m2e.maven.runtime_3.8.701.20230209-1606/jars/maven-resolver-api-1.6.3.jar
2023-06-10 17:45:09,002 [Worker-17: Launching mavenrun-ec93c937-1132-41b4-9726-97e8d7dfb187] INFO  o.eclipse.m2e.core.internal.Bundles - 	Entry: /Applications/Eclipse.app/Contents/Eclipse/plugins/org.eclipse.m2e.maven.runtime_3.8.701.20230209-1606/jars/maven-resolver-connector-basic-1.6.3.jar
2023-06-10 17:45:09,002 [Worker-17: Launching mavenrun-ec93c937-1132-41b4-9726-97e8d7dfb187] INFO  o.eclipse.m2e.core.internal.Bundles - 	Entry: /Applications/Eclipse.app/Contents/Eclipse/plugins/org.eclipse.m2e.maven.runtime_3.8.701.20230209-1606/jars/maven-resolver-impl-1.6.3.jar
2023-06-10 17:45:09,002 [Worker-17: Launching mavenrun-ec93c937-1132-41b4-9726-97e8d7dfb187] INFO  o.eclipse.m2e.core.internal.Bundles - 	Entry: /Applications/Eclipse.app/Contents/Eclipse/plugins/org.eclipse.m2e.maven.runtime_3.8.701.20230209-1606/jars/maven-resolver-provider-3.8.7.jar
2023-06-10 17:45:09,002 [Worker-17: Launching mavenrun-ec93c937-1132-41b4-9726-97e8d7dfb187] INFO  o.eclipse.m2e.core.internal.Bundles - 	Entry: /Applications/Eclipse.app/Contents/Eclipse/plugins/org.eclipse.m2e.maven.runtime_3.8.701.20230209-1606/jars/maven-resolver-spi-1.6.3.jar
2023-06-10 17:45:09,002 [Worker-17: Launching mavenrun-ec93c937-1132-41b4-9726-97e8d7dfb187] INFO  o.eclipse.m2e.core.internal.Bundles - 	Entry: /Applications/Eclipse.app/Contents/Eclipse/plugins/org.eclipse.m2e.maven.runtime_3.8.701.20230209-1606/jars/maven-resolver-transport-wagon-1.6.3.jar
2023-06-10 17:45:09,003 [Worker-17: Launching mavenrun-ec93c937-1132-41b4-9726-97e8d7dfb187] INFO  o.eclipse.m2e.core.internal.Bundles - 	Entry: /Applications/Eclipse.app/Contents/Eclipse/plugins/org.eclipse.m2e.maven.runtime_3.8.701.20230209-1606/jars/maven-resolver-util-1.6.3.jar
2023-06-10 17:45:09,003 [Worker-17: Launching mavenrun-ec93c937-1132-41b4-9726-97e8d7dfb187] INFO  o.eclipse.m2e.core.internal.Bundles - 	Entry: /Applications/Eclipse.app/Contents/Eclipse/plugins/org.eclipse.m2e.maven.runtime_3.8.701.20230209-1606/jars/maven-settings-3.8.7.jar
2023-06-10 17:45:09,003 [Worker-17: Launching mavenrun-ec93c937-1132-41b4-9726-97e8d7dfb187] INFO  o.eclipse.m2e.core.internal.Bundles - 	Entry: /Applications/Eclipse.app/Contents/Eclipse/plugins/org.eclipse.m2e.maven.runtime_3.8.701.20230209-1606/jars/maven-settings-builder-3.8.7.jar
2023-06-10 17:45:09,003 [Worker-17: Launching mavenrun-ec93c937-1132-41b4-9726-97e8d7dfb187] INFO  o.eclipse.m2e.core.internal.Bundles - 	Entry: /Applications/Eclipse.app/Contents/Eclipse/plugins/org.eclipse.m2e.maven.runtime_3.8.701.20230209-1606/jars/maven-shared-utils-3.3.4.jar
2023-06-10 17:45:09,004 [Worker-17: Launching mavenrun-ec93c937-1132-41b4-9726-97e8d7dfb187] INFO  o.eclipse.m2e.core.internal.Bundles - 	Entry: /Applications/Eclipse.app/Contents/Eclipse/plugins/org.eclipse.m2e.maven.runtime_3.8.701.20230209-1606/jars/okhttp-3.14.1.jar
2023-06-10 17:45:09,004 [Worker-17: Launching mavenrun-ec93c937-1132-41b4-9726-97e8d7dfb187] INFO  o.eclipse.m2e.core.internal.Bundles - 	Entry: /Applications/Eclipse.app/Contents/Eclipse/plugins/org.eclipse.m2e.maven.runtime_3.8.701.20230209-1606/jars/okio-1.17.3.jar
2023-06-10 17:45:09,004 [Worker-17: Launching mavenrun-ec93c937-1132-41b4-9726-97e8d7dfb187] INFO  o.eclipse.m2e.core.internal.Bundles - 	Entry: /Applications/Eclipse.app/Contents/Eclipse/plugins/org.eclipse.m2e.maven.runtime_3.8.701.20230209-1606/jars/org.eclipse.sisu.inject-0.3.5.jar
2023-06-10 17:45:09,004 [Worker-17: Launching mavenrun-ec93c937-1132-41b4-9726-97e8d7dfb187] INFO  o.eclipse.m2e.core.internal.Bundles - 	Entry: /Applications/Eclipse.app/Contents/Eclipse/plugins/org.eclipse.m2e.maven.runtime_3.8.701.20230209-1606/jars/org.eclipse.sisu.plexus-0.3.5.jar
2023-06-10 17:45:09,004 [Worker-17: Launching mavenrun-ec93c937-1132-41b4-9726-97e8d7dfb187] INFO  o.eclipse.m2e.core.internal.Bundles - 	Entry: /Applications/Eclipse.app/Contents/Eclipse/plugins/org.eclipse.m2e.maven.runtime_3.8.701.20230209-1606/jars/plexus-build-api-0.0.7.jar
2023-06-10 17:45:09,004 [Worker-17: Launching mavenrun-ec93c937-1132-41b4-9726-97e8d7dfb187] INFO  o.eclipse.m2e.core.internal.Bundles - 	Entry: /Applications/Eclipse.app/Contents/Eclipse/plugins/org.eclipse.m2e.maven.runtime_3.8.701.20230209-1606/jars/plexus-cipher-2.0.jar
2023-06-10 17:45:09,005 [Worker-17: Launching mavenrun-ec93c937-1132-41b4-9726-97e8d7dfb187] INFO  o.eclipse.m2e.core.internal.Bundles - 	Entry: /Applications/Eclipse.app/Contents/Eclipse/plugins/org.eclipse.m2e.maven.runtime_3.8.701.20230209-1606/jars/plexus-classworlds-2.6.0.jar
2023-06-10 17:45:09,005 [Worker-17: Launching mavenrun-ec93c937-1132-41b4-9726-97e8d7dfb187] INFO  o.eclipse.m2e.core.internal.Bundles - 	Entry: /Applications/Eclipse.app/Contents/Eclipse/plugins/org.eclipse.m2e.maven.runtime_3.8.701.20230209-1606/jars/plexus-component-annotations-2.1.0.jar
2023-06-10 17:45:09,005 [Worker-17: Launching mavenrun-ec93c937-1132-41b4-9726-97e8d7dfb187] INFO  o.eclipse.m2e.core.internal.Bundles - 	Entry: /Applications/Eclipse.app/Contents/Eclipse/plugins/org.eclipse.m2e.maven.runtime_3.8.701.20230209-1606/jars/plexus-interpolation-1.26.jar
2023-06-10 17:45:09,005 [Worker-17: Launching mavenrun-ec93c937-1132-41b4-9726-97e8d7dfb187] INFO  o.eclipse.m2e.core.internal.Bundles - 	Entry: /Applications/Eclipse.app/Contents/Eclipse/plugins/org.eclipse.m2e.maven.runtime_3.8.701.20230209-1606/jars/plexus-sec-dispatcher-2.0.jar
2023-06-10 17:45:09,005 [Worker-17: Launching mavenrun-ec93c937-1132-41b4-9726-97e8d7dfb187] INFO  o.eclipse.m2e.core.internal.Bundles - 	Entry: /Applications/Eclipse.app/Contents/Eclipse/plugins/org.eclipse.m2e.maven.runtime_3.8.701.20230209-1606/jars/plexus-utils-3.3.1.jar
2023-06-10 17:45:09,005 [Worker-17: Launching mavenrun-ec93c937-1132-41b4-9726-97e8d7dfb187] INFO  o.eclipse.m2e.core.internal.Bundles - 	Entry: /Applications/Eclipse.app/Contents/Eclipse/plugins/org.eclipse.m2e.maven.runtime_3.8.701.20230209-1606/jars/wagon-file-3.5.3.jar
2023-06-10 17:45:09,005 [Worker-17: Launching mavenrun-ec93c937-1132-41b4-9726-97e8d7dfb187] INFO  o.eclipse.m2e.core.internal.Bundles - 	Entry: /Applications/Eclipse.app/Contents/Eclipse/plugins/org.eclipse.m2e.maven.runtime_3.8.701.20230209-1606/jars/wagon-provider-api-3.5.3.jar
2023-06-10 17:45:09,006 [Worker-17: Launching mavenrun-ec93c937-1132-41b4-9726-97e8d7dfb187] INFO  o.eclipse.m2e.core.internal.Bundles - getClasspathEntries(Bundle=com.google.guava_31.1.0.jre [11])
2023-06-10 17:45:09,007 [Worker-17: Launching mavenrun-ec93c937-1132-41b4-9726-97e8d7dfb187] INFO  o.eclipse.m2e.core.internal.Bundles - 	Entry: /Applications/Eclipse.app/Contents/Eclipse/plugins/com.google.guava_31.1.0.jre.jar
2023-06-10 17:45:09,007 [Worker-17: Launching mavenrun-ec93c937-1132-41b4-9726-97e8d7dfb187] INFO  o.eclipse.m2e.core.internal.Bundles - getClasspathEntries(Bundle=slf4j.api_1.7.36 [917])
2023-06-10 17:45:09,008 [Worker-17: Launching mavenrun-ec93c937-1132-41b4-9726-97e8d7dfb187] INFO  o.eclipse.m2e.core.internal.Bundles - 	Entry: /Applications/Eclipse.app/Contents/Eclipse/plugins/slf4j.api_1.7.36.jar
2023-06-10 17:45:09,009 [Worker-17: Launching mavenrun-ec93c937-1132-41b4-9726-97e8d7dfb187] INFO  o.eclipse.m2e.core.internal.Bundles - getClasspathEntries(Bundle=javax.inject_1.0.0.v20220405-0441 [35])
2023-06-10 17:45:09,010 [Worker-17: Launching mavenrun-ec93c937-1132-41b4-9726-97e8d7dfb187] INFO  o.eclipse.m2e.core.internal.Bundles - 	Entry: /Applications/Eclipse.app/Contents/Eclipse/plugins/javax.inject_1.0.0.v20220405-0441.jar
2023-06-10 17:45:09,011 [Worker-17: Launching mavenrun-ec93c937-1132-41b4-9726-97e8d7dfb187] INFO  o.eclipse.m2e.core.internal.Bundles - getClasspathEntries(Bundle=javax.annotation_1.3.5.v20221203-1659 [33])
2023-06-10 17:45:09,012 [Worker-17: Launching mavenrun-ec93c937-1132-41b4-9726-97e8d7dfb187] INFO  o.eclipse.m2e.core.internal.Bundles - 	Entry: /Applications/Eclipse.app/Contents/Eclipse/plugins/javax.annotation_1.3.5.v20221203-1659.jar
2023-06-10 17:45:09,012 [Worker-17: Launching mavenrun-ec93c937-1132-41b4-9726-97e8d7dfb187] INFO  o.eclipse.m2e.core.internal.Bundles - getClasspathEntries(Bundle=org.apache.commons.cli_1.4.0.v20221112-0806 [67])
2023-06-10 17:45:09,013 [Worker-17: Launching mavenrun-ec93c937-1132-41b4-9726-97e8d7dfb187] INFO  o.eclipse.m2e.core.internal.Bundles - 	Entry: /Applications/Eclipse.app/Contents/Eclipse/plugins/org.apache.commons.cli_1.4.0.v20221112-0806.jar
2023-06-10 17:45:09,013 [Worker-17: Launching mavenrun-ec93c937-1132-41b4-9726-97e8d7dfb187] INFO  o.eclipse.m2e.core.internal.Bundles - getClasspathEntries(Bundle=com.google.guava.failureaccess_1.0.1 [13])
2023-06-10 17:45:09,014 [Worker-17: Launching mavenrun-ec93c937-1132-41b4-9726-97e8d7dfb187] INFO  o.eclipse.m2e.core.internal.Bundles - 	Entry: /Applications/Eclipse.app/Contents/Eclipse/plugins/com.google.guava.failureaccess_1.0.1.jar
2023-06-10 17:45:09,021 [Worker-17: Launching mavenrun-ec93c937-1132-41b4-9726-97e8d7dfb187] INFO  o.e.m.i.launch.MavenLaunchDelegate - Run build in "/var/folders/5q/689fk8b52t944dn8_hk5q52c0000gn/T/m2e-archetypeGenerator15467290844629036337":
2023-06-10 17:45:09,024 [Worker-17: Launching mavenrun-ec93c937-1132-41b4-9726-97e8d7dfb187] INFO  o.e.m.i.launch.MavenLaunchDelegate -  mvn  -DarchetypeGroupId=org.apache.maven.archetypes -DarchetypeArtifactId=maven-archetype-quickstart -DarchetypeVersion=1.4 -DgroupId=mavensample -DartifactId=mavensample -Dversion=0.0.1-SNAPSHOT -Dpackage=mavensample.mavensample -DoutputDirectory=/Users/juan/code/skillsoft/full-stack-java-developer/devops-basics/jenkins-creating-application-builds -Dstyle.color=always -U archetype:generate
2023-06-10 17:45:36,782 [Worker-20: Creating maven-archetype-quickstart] INFO  o.e.m.c.i.p.ProjectConfigurationManager - Collecting project info '/pom.xml' /Users/juan/code/skillsoft/full-stack-java-developer/devops-basics/jenkins-creating-application-builds/mavensample/pom.xml
2023-06-10 17:45:37,385 [Worker-20: Creating maven-archetype-quickstart] INFO  o.e.m.c.i.l.LifecycleMappingFactory - Using org.eclipse.m2e.jdt.JarLifecycleMapping lifecycle mapping for MavenProject: mavensample:mavensample:0.0.1-SNAPSHOT @ /Users/juan/code/skillsoft/full-stack-java-developer/devops-basics/jenkins-creating-application-builds/mavensample/pom.xml.
2023-06-10 17:45:37,823 [Worker-20: Creating maven-archetype-quickstart] INFO  o.e.m.j.i.AbstractJavaProjectConfigurator - Adding source folder /mavensample/src/main/java
2023-06-10 17:45:37,825 [Worker-20: Creating maven-archetype-quickstart] INFO  o.e.m.j.i.AbstractJavaProjectConfigurator - Adding source folder /mavensample/src/test/java
2023-06-10 17:45:37,906 [Worker-20: Creating maven-archetype-quickstart] INFO  o.e.m.c.i.p.ProjectConfigurationManager - Imported and configured 1 project(s) in 1 sec
2023-06-10 17:45:38,718 [Worker-17: Building] INFO  o.e.m.c.i.embedder.EclipseLogger - Using 'UTF-8' encoding to copy filtered resources.
2023-06-10 17:45:38,718 [Worker-17: Building] INFO  o.e.m.c.i.embedder.EclipseLogger - skip non existing resourceDirectory /Users/juan/code/skillsoft/full-stack-java-developer/devops-basics/jenkins-creating-application-builds/mavensample/src/main/resources
2023-06-10 17:45:38,721 [Worker-17: Building] INFO  o.e.m.c.i.embedder.EclipseLogger - Using 'UTF-8' encoding to copy filtered resources.
2023-06-10 17:45:38,721 [Worker-17: Building] INFO  o.e.m.c.i.embedder.EclipseLogger - skip non existing resourceDirectory /Users/juan/code/skillsoft/full-stack-java-developer/devops-basics/jenkins-creating-application-builds/mavensample/src/test/resources
2023-06-10 17:50:51,615 [Worker-25: Building] INFO  o.e.m.c.i.embedder.EclipseLogger - Using 'UTF-8' encoding to copy filtered resources.
2023-06-10 17:50:51,615 [Worker-25: Building] INFO  o.e.m.c.i.embedder.EclipseLogger - skip non existing resourceDirectory /Users/juan/code/skillsoft/full-stack-java-developer/devops-basics/jenkins-creating-application-builds/mavensample/src/main/resources
2023-06-10 17:50:51,618 [Worker-25: Building] INFO  o.e.m.c.i.embedder.EclipseLogger - Using 'UTF-8' encoding to copy filtered resources.
2023-06-10 17:50:51,618 [Worker-25: Building] INFO  o.e.m.c.i.embedder.EclipseLogger - skip non existing resourceDirectory /Users/juan/code/skillsoft/full-stack-java-developer/devops-basics/jenkins-creating-application-builds/mavensample/src/test/resources
